Using pre-set license
Built from '2020.3/release' branch; Version is '2020.3.2f1 (8fd9074bf66c) revision 9427207'; Using compiler version '192528614'; Build Type 'Release'
OS: 'Windows 10 Pro; OS build 19042.985; Version 2009; 64bit' Language: 'en' Physical Memory: 16145 MB
BatchMode: 1, IsHumanControllingUs: 0, StartBugReporterOnCrash: 0, Is64bit: 1, IsPro: 0

 COMMAND LINE ARGUMENTS:
C:\2020.3.2f1\Editor\Unity.exe
-adb2
-batchMode
-noUpm
-name
AssetImportWorker0
-projectPath
C:/Users/johnz/Dreamland Corridor
-logFile
Logs/AssetImportWorker0.log
-srvPort
56736
Successfully changed project path to: C:/Users/johnz/Dreamland Corridor
C:/Users/johnz/Dreamland Corridor
Using Asset Import Pipeline V2.
Refreshing native plugins compatible for Editor in 35.45 ms, found 1 plugins.
Preloading 0 native plugins for Editor in 0.00 ms.
Initialize engine version: 2020.3.2f1 (8fd9074bf66c)
[Subsystems] Discovering subsystems at path C:/2020.3.2f1/Editor/Data/Resources/UnitySubsystems
[Subsystems] Discovering subsystems at path C:/Users/johnz/Dreamland Corridor/Assets
GfxDevice: creating device client; threaded=0
Direct3D:
    Version:  Direct3D 11.0 [level 11.1]
    Renderer: NVIDIA GeForce GTX 1650 Ti (ID=0x1f95)
    Vendor:   
    VRAM:     3962 MB
    Driver:   30.0.14.7168
Initialize mono
Mono path[0] = 'C:/2020.3.2f1/Editor/Data/Managed'
Mono path[1] = 'C:/2020.3.2f1/Editor/Data/MonoBleedingEdge/lib/mono/unityjit'
Mono config path = 'C:/2020.3.2f1/Editor/Data/MonoBleedingEdge/etc'
Using monoOptions --debugger-agent=transport=dt_socket,embedding=1,server=y,suspend=n,address=127.0.0.1:56792
Begin MonoManager ReloadAssembly
Registering precompiled unity dll's ...
Register platform support module: C:/2020.3.2f1/Editor/Data/PlaybackEngines/WebGLSupport/UnityEditor.WebGL.Extensions.dll
Register platform support module: C:/2020.3.2f1/Editor/Data/PlaybackEngines/WindowsStandaloneSupport/UnityEditor.WindowsStandalone.Extensions.dll
Registered in 0.008606 seconds.
Native extension for WindowsStandalone target not found
Native extension for WebGL target not found
Refreshing native plugins compatible for Editor in 36.09 ms, found 1 plugins.
Preloading 0 native plugins for Editor in 0.00 ms.
Invoked RoslynAnalysisRunner static constructor.
RoslynAnalysisRunner will not be running.
RoslynAnalysisRunner has terminated.
Mono: successfully reloaded assembly
- Completed reload, in  2.820 seconds
Platform modules already initialized, skipping
Registering precompiled user dll's ...
Registered in 0.002436 seconds.
Begin MonoManager ReloadAssembly
Native extension for WindowsStandalone target not found
Native extension for WebGL target not found
Refreshing native plugins compatible for Editor in 44.36 ms, found 1 plugins.
Preloading 0 native plugins for Editor in 0.00 ms.
Invoked RoslynAnalysisRunner static constructor.
RoslynAnalysisRunner will not be running.
RoslynAnalysisRunner has terminated.
Mono: successfully reloaded assembly
- Completed reload, in  1.511 seconds
Platform modules already initialized, skipping
========================================================================
Worker process is ready to serve import requests
Launched and connected shader compiler UnityShaderCompiler.exe after 0.08 seconds
Refreshing native plugins compatible for Editor in 0.46 ms, found 1 plugins.
Preloading 0 native plugins for Editor in 0.00 ms.
Unloading 1808 Unused Serialized files (Serialized files now loaded: 0)
System memory in use before: 84.8 MB.
System memory in use after: 84.8 MB.

Unloading 24 unused Assets to reduce memory usage. Loaded Objects now: 2250.
Total: 3.016900 ms (FindLiveObjects: 0.229600 ms CreateObjectMapping: 0.123500 ms MarkObjects: 2.501600 ms  DeleteObjects: 0.160800 ms)

========================================================================
Received Import Request.
  path: Assets/Scenes
  artifactKey: Guid(9b46df8e2962a1a4ea372e258ddf7ee0) Importer(815301076,1909f56bfc062723c751e8b465ee728b)
Start importing Assets/Scenes using Guid(9b46df8e2962a1a4ea372e258ddf7ee0) Importer(815301076,1909f56bfc062723c751e8b465ee728b)  -> (artifact id: 'd599adfe6677dab0dd2b21c5e57525dd') in 0.010477 seconds
  Import took 0.015077 seconds .

========================================================================
Received Prepare
Registering precompiled user dll's ...
Registered in 0.004016 seconds.
Begin MonoManager ReloadAssembly
Native extension for WindowsStandalone target not found
Native extension for WebGL target not found
Refreshing native plugins compatible for Editor in 53.83 ms, found 1 plugins.
Preloading 0 native plugins for Editor in 0.00 ms.
Invoked RoslynAnalysisRunner static constructor.
RoslynAnalysisRunner will not be running.
RoslynAnalysisRunner has terminated.
Mono: successfully reloaded assembly
- Completed reload, in  1.456 seconds
Platform modules already initialized, skipping
Shader 'TextMeshPro/Distance Field Overlay': fallback shader 'TextMeshPro/Mobile/Distance Field' not found
Shader 'TextMeshPro/Distance Field': fallback shader 'TextMeshPro/Mobile/Distance Field' not found
Refreshing native plugins compatible for Editor in 0.60 ms, found 1 plugins.
Preloading 0 native plugins for Editor in 0.00 ms.
Unloading 2551 Unused Serialized files (Serialized files now loaded: 0)
System memory in use before: 106.8 MB.
System memory in use after: 106.4 MB.

Unloading 23 unused Assets to reduce memory usage. Loaded Objects now: 2991.
Total: 4.882300 ms (FindLiveObjects: 0.499800 ms CreateObjectMapping: 0.438600 ms MarkObjects: 3.475900 ms  DeleteObjects: 0.465700 ms)

========================================================================
Received Import Request.
  Time since last request: 606.538485 seconds.
  path: Assets/FungusExamples
  artifactKey: Guid(8a377917380804e64ac98abb2ce7ef57) Importer(815301076,1909f56bfc062723c751e8b465ee728b)
Start importing Assets/FungusExamples using Guid(8a377917380804e64ac98abb2ce7ef57) Importer(815301076,1909f56bfc062723c751e8b465ee728b)  -> (artifact id: 'e68b7281016a30fd68b1962e08e5f3ea') in 0.014871 seconds
  Import took 0.020269 seconds .

========================================================================
Received Import Request.
  Time since last request: 1.338964 seconds.
  path: Assets/FungusExamples/FungusExamples.asmdef
  artifactKey: Guid(d749be870df4c4048a9636146e66f475) Importer(815301076,1909f56bfc062723c751e8b465ee728b)
Start importing Assets/FungusExamples/FungusExamples.asmdef using Guid(d749be870df4c4048a9636146e66f475) Importer(815301076,1909f56bfc062723c751e8b465ee728b)  -> (artifact id: 'aa5393a3ae9c7ce8899064f21a4faeb3') in 0.048938 seconds
  Import took 0.054198 seconds .

========================================================================
Received Import Request.
  Time since last request: 25.230753 seconds.
  path: Assets/FungusExamples/MonoBehEvents/Blank.mat
  artifactKey: Guid(44484ce9e8d1f90479abca9c377b9a1c) Importer(815301076,1909f56bfc062723c751e8b465ee728b)
Start importing Assets/FungusExamples/MonoBehEvents/Blank.mat using Guid(44484ce9e8d1f90479abca9c377b9a1c) Importer(815301076,1909f56bfc062723c751e8b465ee728b)  -> (artifact id: '788deac9a06697938bab24fca6b7d9b3') in 0.405067 seconds
  Import took 0.411138 seconds .

========================================================================
Received Import Request.
  Time since last request: 0.000528 seconds.
  path: Assets/FungusExamples/MonoBehEvents/Bouncy.physicsMaterial2D
  artifactKey: Guid(ee8f7489dfdc8f04ab459adf2cdf2051) Importer(815301076,1909f56bfc062723c751e8b465ee728b)
Start importing Assets/FungusExamples/MonoBehEvents/Bouncy.physicsMaterial2D using Guid(ee8f7489dfdc8f04ab459adf2cdf2051) Importer(815301076,1909f56bfc062723c751e8b465ee728b)  -> (artifact id: 'fc4f5b2bf35597061ba7a8c9e5a87aed') in 0.012951 seconds
  Import took 0.019155 seconds .

========================================================================
Received Import Request.
  Time since last request: 0.000484 seconds.
  path: Assets/FungusExamples/MonoBehEvents/Hit_Hurt10.wav
  artifactKey: Guid(c05250d33e43ca04788384771b988143) Importer(815301076,1909f56bfc062723c751e8b465ee728b)
Start importing Assets/FungusExamples/MonoBehEvents/Hit_Hurt10.wav using Guid(c05250d33e43ca04788384771b988143) Importer(815301076,1909f56bfc062723c751e8b465ee728b)  -> (artifact id: '1d6770c26c47959d055a6e09d823e599') in 0.131932 seconds
  Import took 0.138205 seconds .

========================================================================
Received Import Request.
  Time since last request: 0.000383 seconds.
  path: Assets/FungusExamples/MonoBehEvents/Bouncy.physicMaterial
  artifactKey: Guid(2150f8a2365e2df43be3dbad67a48487) Importer(815301076,1909f56bfc062723c751e8b465ee728b)
Start importing Assets/FungusExamples/MonoBehEvents/Bouncy.physicMaterial using Guid(2150f8a2365e2df43be3dbad67a48487) Importer(815301076,1909f56bfc062723c751e8b465ee728b)  -> (artifact id: '11b4fe87d71c0ec3d6466ea738747c23') in 0.008896 seconds
  Import took 0.014026 seconds .

========================================================================
Received Import Request.
  Time since last request: 20.694006 seconds.
  path: Assets/FungusExamples/SayHolds/VO1.mp3
  artifactKey: Guid(bcc782f50f1c67842a7b10f1a4a68959) Importer(815301076,1909f56bfc062723c751e8b465ee728b)
Start importing Assets/FungusExamples/SayHolds/VO1.mp3 using Guid(bcc782f50f1c67842a7b10f1a4a68959) Importer(815301076,1909f56bfc062723c751e8b465ee728b)  -> (artifact id: 'a6b61ad96ea904b0f27c94e23022bab4') in 0.032417 seconds
  Import took 0.038079 seconds .

========================================================================
Received Import Request.
  Time since last request: 0.000506 seconds.
  path: Assets/FungusExamples/SayHolds/VO2.mp3
  artifactKey: Guid(d389acad13a64274fa4f6c67282b8c8e) Importer(815301076,1909f56bfc062723c751e8b465ee728b)
Start importing Assets/FungusExamples/SayHolds/VO2.mp3 using Guid(d389acad13a64274fa4f6c67282b8c8e) Importer(815301076,1909f56bfc062723c751e8b465ee728b)  -> (artifact id: '41eda4de9f98a2939b63fb33b1e6fa17') in 0.018237 seconds
  Import took 0.022903 seconds .

========================================================================
Received Import Request.
  Time since last request: 0.000398 seconds.
  path: Assets/FungusExamples/SayHolds/VO3.mp3
  artifactKey: Guid(f995fd20bd1b22c4083a882ea47ae695) Importer(815301076,1909f56bfc062723c751e8b465ee728b)
Start importing Assets/FungusExamples/SayHolds/VO3.mp3 using Guid(f995fd20bd1b22c4083a882ea47ae695) Importer(815301076,1909f56bfc062723c751e8b465ee728b)  -> (artifact id: '5b3af036942f59b55a8abd552bf155cd') in 0.017950 seconds
  Import took 0.022651 seconds .

========================================================================
Received Import Request.
  Time since last request: 13.492222 seconds.
  path: Assets/FungusExamples/EnterName/EnterName.unity
  artifactKey: Guid(1007fbdf3eb3244088015ada3e0bfaa4) Importer(815301076,1909f56bfc062723c751e8b465ee728b)
Start importing Assets/FungusExamples/EnterName/EnterName.unity using Guid(1007fbdf3eb3244088015ada3e0bfaa4) Importer(815301076,1909f56bfc062723c751e8b465ee728b)  -> (artifact id: 'de2e7c4b24feed515077654b977e8d1e') in 0.008425 seconds
  Import took 0.013282 seconds .

========================================================================
Received Import Request.
  Time since last request: 26.313742 seconds.
  path: Assets/Fungus/EditorResources/FungusEditorResources.asset
  artifactKey: Guid(29cae11326cb84802b83fc3ff25a47e8) Importer(815301076,1909f56bfc062723c751e8b465ee728b)
Start importing Assets/Fungus/EditorResources/FungusEditorResources.asset using Guid(29cae11326cb84802b83fc3ff25a47e8) Importer(815301076,1909f56bfc062723c751e8b465ee728b)  -> (artifact id: '3b023bbf8f19371f3a2c8a5aa7d2e85a') in 0.029396 seconds
  Import took 0.034381 seconds .

========================================================================
Received Import Request.
  Time since last request: 23.670991 seconds.
  path: Assets/Fungus/Resources/Sprites/Background.png
  artifactKey: Guid(78bc8db714c3749cc8bd8c0b7e525b85) Importer(815301076,1909f56bfc062723c751e8b465ee728b)
Start importing Assets/Fungus/Resources/Sprites/Background.png using Guid(78bc8db714c3749cc8bd8c0b7e525b85) Importer(815301076,1909f56bfc062723c751e8b465ee728b)  -> (artifact id: 'eb00bc8ec5dd21ed7a3b55593b19fb10') in 0.077568 seconds
  Import took 0.082704 seconds .

========================================================================
Received Import Request.
  Time since last request: 0.000463 seconds.
  path: Assets/Fungus/Resources/Sprites
  artifactKey: Guid(32f062c580ee140fdb01e9a7354fd1dc) Importer(815301076,1909f56bfc062723c751e8b465ee728b)
Start importing Assets/Fungus/Resources/Sprites using Guid(32f062c580ee140fdb01e9a7354fd1dc) Importer(815301076,1909f56bfc062723c751e8b465ee728b)  -> (artifact id: '2d8a3b8ee252533bac619faafe4f4909') in 0.005448 seconds
  Import took 0.011064 seconds .

========================================================================
Received Import Request.
  Time since last request: 0.000452 seconds.
  path: Assets/Fungus/Resources/Sprites/MousePointer.png
  artifactKey: Guid(502e0c9b755f34db0b90bf78857d8a1c) Importer(815301076,1909f56bfc062723c751e8b465ee728b)
Start importing Assets/Fungus/Resources/Sprites/MousePointer.png using Guid(502e0c9b755f34db0b90bf78857d8a1c) Importer(815301076,1909f56bfc062723c751e8b465ee728b)  -> (artifact id: '1bec031dbc4b9e3ff25f88cf585a7896') in 0.019883 seconds
  Import took 0.026120 seconds .

========================================================================
Received Import Request.
  Time since last request: 0.000394 seconds.
  path: Assets/Fungus/Resources/Sprites/HandPointer.png
  artifactKey: Guid(22eb050bacf8c401ca8503e24bff3570) Importer(815301076,1909f56bfc062723c751e8b465ee728b)
Start importing Assets/Fungus/Resources/Sprites/HandPointer.png using Guid(22eb050bacf8c401ca8503e24bff3570) Importer(815301076,1909f56bfc062723c751e8b465ee728b)  -> (artifact id: '6e31a3335c2bdbf69ba31fb6d513199f') in 0.014675 seconds
  Import took 0.019497 seconds .

========================================================================
Received Import Request.
  Time since last request: 5.681150 seconds.
  path: Assets/Fungus/Integrations/Playmaker
  artifactKey: Guid(f24b15e84ed1f42e39fd80dd9042c882) Importer(815301076,1909f56bfc062723c751e8b465ee728b)
Start importing Assets/Fungus/Integrations/Playmaker using Guid(f24b15e84ed1f42e39fd80dd9042c882) Importer(815301076,1909f56bfc062723c751e8b465ee728b)  -> (artifact id: '3232b8b9f4ee8483c5af7b10880a6595') in 0.007833 seconds
  Import took 0.013592 seconds .

========================================================================
Received Import Request.
  Time since last request: 1.740367 seconds.
  path: Assets/Fungus/Integrations/Playmaker/Fungus-PlayMaker.unitypackage
  artifactKey: Guid(81dbcde0f90df4e9ba9ca2794490e57a) Importer(815301076,1909f56bfc062723c751e8b465ee728b)
Start importing Assets/Fungus/Integrations/Playmaker/Fungus-PlayMaker.unitypackage using Guid(81dbcde0f90df4e9ba9ca2794490e57a) Importer(815301076,1909f56bfc062723c751e8b465ee728b)  -> (artifact id: '556db4577f5fb83be4e6c6f89fb8f6ec') in 0.009293 seconds
  Import took 0.014393 seconds .

========================================================================
Received Import Request.
  Time since last request: 9.137327 seconds.
  path: Assets/FungusExamples/FirstPerson
  artifactKey: Guid(4fe4a29c877ab7c49a0e3e5715c62819) Importer(815301076,1909f56bfc062723c751e8b465ee728b)
Start importing Assets/FungusExamples/FirstPerson using Guid(4fe4a29c877ab7c49a0e3e5715c62819) Importer(815301076,1909f56bfc062723c751e8b465ee728b)  -> (artifact id: '6f77970c1397bcbf751a04100e0406ba') in 0.005948 seconds
  Import took 0.011863 seconds .

========================================================================
Received Import Request.
  Time since last request: 1.995957 seconds.
  path: Assets/FungusExamples/FirstPerson/FirstPersonDemo.unity
  artifactKey: Guid(f52a982060cbf1342bcd0c3da0aa9083) Importer(815301076,1909f56bfc062723c751e8b465ee728b)
Start importing Assets/FungusExamples/FirstPerson/FirstPersonDemo.unity using Guid(f52a982060cbf1342bcd0c3da0aa9083) Importer(815301076,1909f56bfc062723c751e8b465ee728b)  -> (artifact id: '970f7ff312580c6deaa1b79723d53031') in 0.008091 seconds
  Import took 0.013440 seconds .

========================================================================
Received Import Request.
  Time since last request: 47.340391 seconds.
  path: Assets/FungusExamples/FungusTown/FungusTown.unity
  artifactKey: Guid(9cb2c3bd6962d487dba382e8e35f188c) Importer(815301076,1909f56bfc062723c751e8b465ee728b)
Start importing Assets/FungusExamples/FungusTown/FungusTown.unity using Guid(9cb2c3bd6962d487dba382e8e35f188c) Importer(815301076,1909f56bfc062723c751e8b465ee728b)  -> (artifact id: '45fa05bcc2a11a0b06bd76f79eebc275') in 0.030128 seconds
  Import took 0.035300 seconds .

========================================================================
Received Prepare
Registering precompiled user dll's ...
Registered in 0.002208 seconds.
Begin MonoManager ReloadAssembly
Native extension for WindowsStandalone target not found
Native extension for WebGL target not found
Refreshing native plugins compatible for Editor in 0.48 ms, found 1 plugins.
Preloading 0 native plugins for Editor in 0.00 ms.
Invoked RoslynAnalysisRunner static constructor.
RoslynAnalysisRunner will not be running.
RoslynAnalysisRunner has terminated.
Mono: successfully reloaded assembly
- Completed reload, in  1.347 seconds
Platform modules already initialized, skipping
Refreshing native plugins compatible for Editor in 0.46 ms, found 1 plugins.
Preloading 0 native plugins for Editor in 0.00 ms.
Unloading 2551 Unused Serialized files (Serialized files now loaded: 0)
System memory in use before: 110.8 MB.
System memory in use after: 110.4 MB.

Unloading 23 unused Assets to reduce memory usage. Loaded Objects now: 3043.
Total: 3.236100 ms (FindLiveObjects: 0.312600 ms CreateObjectMapping: 0.137900 ms MarkObjects: 2.383100 ms  DeleteObjects: 0.401000 ms)

========================================================================
Received Import Request.
  Time since last request: 25.096160 seconds.
  path: Assets/FungusExamples/Sherlock/TheExperiment.unity
  artifactKey: Guid(9ab610dfd527c084a95ce3496bbfae10) Importer(815301076,1909f56bfc062723c751e8b465ee728b)
Start importing Assets/FungusExamples/Sherlock/TheExperiment.unity using Guid(9ab610dfd527c084a95ce3496bbfae10) Importer(815301076,1909f56bfc062723c751e8b465ee728b)  -> (artifact id: '8412db993b53b704f7b27432bb71c98d') in 0.020828 seconds
  Import took 0.026124 seconds .

========================================================================
Received Prepare
Registering precompiled user dll's ...
Registered in 0.002557 seconds.
Begin MonoManager ReloadAssembly
Native extension for WindowsStandalone target not found
Native extension for WebGL target not found
Refreshing native plugins compatible for Editor in 0.50 ms, found 1 plugins.
Preloading 0 native plugins for Editor in 0.00 ms.
Invoked RoslynAnalysisRunner static constructor.
RoslynAnalysisRunner will not be running.
RoslynAnalysisRunner has terminated.
Mono: successfully reloaded assembly
- Completed reload, in  1.353 seconds
Platform modules already initialized, skipping
Refreshing native plugins compatible for Editor in 0.50 ms, found 1 plugins.
Preloading 0 native plugins for Editor in 0.00 ms.
Unloading 2551 Unused Serialized files (Serialized files now loaded: 0)
System memory in use before: 110.9 MB.
System memory in use after: 110.4 MB.

Unloading 23 unused Assets to reduce memory usage. Loaded Objects now: 3047.
Total: 3.005300 ms (FindLiveObjects: 0.376200 ms CreateObjectMapping: 0.187800 ms MarkObjects: 2.031300 ms  DeleteObjects: 0.408500 ms)

========================================================================
Received Prepare
Registering precompiled user dll's ...
Registered in 0.003112 seconds.
Begin MonoManager ReloadAssembly
Native extension for WindowsStandalone target not found
Native extension for WebGL target not found
Refreshing native plugins compatible for Editor in 0.58 ms, found 1 plugins.
Preloading 0 native plugins for Editor in 0.00 ms.
Invoked RoslynAnalysisRunner static constructor.
RoslynAnalysisRunner will not be running.
RoslynAnalysisRunner has terminated.
Mono: successfully reloaded assembly
- Completed reload, in  1.506 seconds
Platform modules already initialized, skipping
Refreshing native plugins compatible for Editor in 0.97 ms, found 1 plugins.
Preloading 0 native plugins for Editor in 0.00 ms.
Unloading 2551 Unused Serialized files (Serialized files now loaded: 0)
System memory in use before: 110.9 MB.
System memory in use after: 110.4 MB.

Unloading 23 unused Assets to reduce memory usage. Loaded Objects now: 3051.
Total: 3.412500 ms (FindLiveObjects: 0.437600 ms CreateObjectMapping: 0.139900 ms MarkObjects: 2.292800 ms  DeleteObjects: 0.540600 ms)

AssetImportWorkerClient::OnTransportError - code=2 error=End of file
